Building DAG of jobs...
Job counts:
	count	jobs
	1	all
	2	arriba
	1	bcftools_call
	1	salmon_index
	2	salmon_quant
	2	star_1pass
	2	star_2pass
	1	star_index
	6	trim_quality_check
	18

[Thu Apr  8 23:55:22 2021]
rule star_index:
    input: data/genome.fa, data/gtf.gtf
    output: index/hg38
    jobid: 10


[Thu Apr  8 23:55:22 2021]
rule trim_quality_check:
    input: fastq/A_R1.fq.gz, fastq/A_R2.fq.gz, fastq/B_R1.fq.gz, fastq/B_R2.fq.gz
    output: trim/B
    jobid: 13
    wildcards: sample=B

RuleException in line 7 of /vagrant/snakemake-tutorial/Snakefile:
'InputFiles' object has no attribute 'fastqc'
  File "/home/vagrant/mambaforge/lib/python3.8/site-packages/snakemake/executors/__init__.py", line 136, in run_jobs
  File "/home/vagrant/mambaforge/lib/python3.8/site-packages/snakemake/executors/__init__.py", line 145, in run
  File "/home/vagrant/mambaforge/lib/python3.8/site-packages/snakemake/executors/__init__.py", line 156, in _run
  File "/home/vagrant/mambaforge/lib/python3.8/site-packages/snakemake/executors/__init__.py", line 176, in printjob
  File "/home/vagrant/mambaforge/lib/python3.8/site-packages/snakemake/executors/__init__.py", line 162, in printjob
